[1] "indexes"
        dim1
 [1,] 359208
 [2,] 359209
 [3,] 359210
 [4,] 359211
 [5,] 359212
 [6,] 359213
 [7,] 359214
 [8,] 359215
 [9,] 359216
[10,] 359217
[11,] 359218
[12,] 359219
[13,] 359220
[14,] 359221
[15,] 359222
[16,] 359223
[17,] 359224
[18,] 359225
[19,] 359226
[20,] 359227
[21,] 359228
[22,] 359229
[23,] 359230
[24,] 359231
[25,] 359232
[26,] 359233
[27,] 359234
[28,] 359235
[29,] 359236
[30,] 359237
[31,] 359238
[32,] 359239
[33,] 359240
[34,] 359241
[35,] 359242
[36,] 359243
[37,] 359244
[38,] 359245
[39,] 359246
[40,] 359247
[41,] 359248
[42,] 359249
[43,] 359250
[44,] 359251
[45,] 359252
[46,] 359253
[47,] 359254
[48,] 359255
[49,] 359256
[50,] 359257
[51,] 359258
[52,] 359259
[53,] 359260
[54,] 359261
[55,] 359262
[1] "showing nan"
 [1] NA NA NA NA NA NA NA NA NA NA NA NA NA NA NA NA NA NA NA NA NA NA NA NA NA
[26] NA NA NA NA NA NA NA NA NA NA NA NA NA NA NA NA NA NA NA NA NA NA NA NA NA
[51] NA NA NA NA NA
[1] "after exponential"
 [1] NA NA NA NA NA NA NA NA NA NA NA NA NA NA NA NA NA NA NA NA NA NA NA NA NA
[26] NA NA NA NA NA NA NA NA NA NA NA NA NA NA NA NA NA NA NA NA NA NA NA NA NA
[51] NA NA NA NA NA
[1] "do we get here?"
[1] 5.994771
[1] 7.63238
[1] 3.949663
[1] 0.8325546
[1] "invalids"
[1] "---------------enough data found-------------"
[1] "---------------Data valid------------"
[1] "----------------------windowed----------------------------"
$hasdat
      [,1] [,2] [,3] [,4] [,5] [,6] [,7] [,8] [,9] [,10] [,11] [,12] [,13]
 [1,]    1    1    1    1    1    1    1    1    1     1     1     1     1
 [2,]    1    1    1    1    1    1    1    1    1     1     1     1     1
 [3,]    1    1    1    1    1    1    1    1    1     1     1     1     1
 [4,]    1    1    1    1    1    1    1    1    1     1     1     1     1
 [5,]    1    1    1    1    1    1    1    1    1     1     1     1     1
 [6,]    1    1    1    1    1    1    1    1    1     1     1     1     1
 [7,]    1    1    1    1    1    1    1    1    1     1     1     1     1
 [8,]    1    1    1    1    1    1    1    1    1     1     1     1     1
 [9,]    1    1    1    1    1    1    1    1    1     1     1     1     1
[10,]    1    1    1    1    1    1    1    1    1     1     1     1     1
[11,]    1    1    1    1    1    1    1    1    1     1     1    NA    NA
[12,]    1    1    1    1    1    1    1    1    1     1     1     1     1
[13,]    1    1    1    1    1    1    1    1    1     1     1     1     1
[14,]    1    1    1    1    1    1    1    1    1     1     1     1     1
[15,]    1    1    1    1    1    1    1    1    1     1     1     1     1
[16,]    1    1    1    1    1    1    1    1    1     1     1     1     1
[17,]    1    1    1    1    1    1    1    1    1     1     1     1     1
[18,]    1    1    1    1    1    1    1    1    1     1     1     1     1
[19,]    1    1    1    1    1    1    1    1    1     1     1     1     1
[20,]    1    1    1    1    1    1    1    1    1     1     1     1     1

$ntot
[1] 258

$Wobs
           [,1]      [,2]      [,3]      [,4]      [,5]      [,6]      [,7]
 [1,] 100.31805  80.73899  87.98816  52.61142  86.16554  51.87046  54.25460
 [2,] 279.27331 256.64478 284.10576 290.53555 313.31529 302.98399 295.73274
 [3,] 159.62120 113.87639 134.93751 196.65798 180.62769 173.85619 160.63169
 [4,] 212.32793 244.80847 237.44158 246.01067 233.90540 244.37857 252.81408
 [5,] 180.53549 176.13523 133.35820 171.63046 119.44940 191.13805 194.41359
 [6,] 142.22971  99.25123 158.03609 148.21304 171.29862 172.37993 170.27328
 [7,] 253.31741 273.46807 286.03139 283.64639 242.17560 267.11893 259.38206
 [8,] 185.60254 166.15327 191.13286 205.27551 164.90487 180.58480 195.82355
 [9,] 275.79415 282.45317 262.95192 236.21598 316.30188 291.70447 321.54962
[10,] 150.76226 141.41403 182.37230 148.54735 159.76985 177.84228 197.61927
[11,]  29.47384  21.23651  17.92590  50.58057  25.33070  19.64712  16.39643
[12,] 351.57701 337.95199 354.71924 339.77532 353.80943 344.09956 338.52152
[13,] 167.15625 126.80246 138.95043 148.17072 184.53626 153.59933 188.90958
[14,] 214.45350 254.96807 226.17514 231.80644 219.20562 227.82383 195.74502
[15,] 215.19834 191.21242 243.60901 241.20997 258.96864 252.76471 241.85820
[16,]  61.27744  71.72114  58.77245  86.01740  67.93674  74.01396  86.41268
[17,] 285.50459 240.60712 208.72256 216.18782 260.09010 228.35646 218.83872
[18,] 102.40333 127.91780  81.09005  95.98556 100.60456 154.61158 150.59456
[19,] 265.76542 176.03732 264.79366 240.93986 247.04954 257.08608 251.33325
[20,] 188.70510  60.61643 177.77070 146.84072 184.47549 143.23546 168.86301
           [,8]      [,9]     [,10]     [,11]     [,12]     [,13]
 [1,]  85.28346  89.75007  63.66860  47.77391  86.72459  77.21204
 [2,] 304.80811 284.82969 317.66748 322.33223 265.38656 276.41809
 [3,] 237.23475 190.53468 136.99413 160.51297 163.74589 140.61488
 [4,] 271.13894 212.57773 171.89760 239.87684 223.58172 247.03421
 [5,] 222.24943 137.46208 151.20772 133.77984 171.01793 150.15031
 [6,] 292.03625 113.57475 129.16480 158.04951 133.98007 144.20596
 [7,] 291.74434 256.81918 266.69212 275.53964 241.05796 242.27975
 [8,] 242.77095 183.40123 198.09474 212.07887 187.21937 172.96913
 [9,] 298.67846 269.89674 262.68001 248.32450 285.65994 296.22474
[10,] 242.22700 172.40622 161.31676 152.95171 163.79367 164.87023
[11,]  20.37042  15.82160  49.57052  56.88163        NA        NA
[12,] 350.63883 351.61981 326.33400 325.74904 354.20959 330.10302
[13,] 221.52213 119.41308 159.92533 147.24235 111.93121 132.89106
[14,] 247.84814 207.71037 192.77713 200.66898 201.18668 228.19871
[15,] 247.46020 199.05761 221.25571 234.22025 199.62450 223.77249
[16,]  83.54629  67.06206  88.03387  69.51989  71.94518  74.64730
[17,] 263.58618 259.98135 279.69968 216.64324 253.51332 219.37331
[18,] 157.47743 108.88875  82.47019 110.38545 108.98557 153.58835
[19,] 249.36425 187.99961 234.51198 243.40931 191.52836 250.87743
[20,] 217.87684  75.41132 207.87409 170.79670  62.89914 178.36530

$Sobs
              [,1]        [,2]         [,3]         [,4]         [,5]
 [1,] 0.0002757873 0.000212319 0.0002941717 0.0002044667 0.0003154721
 [2,] 0.0002757873 0.000212319 0.0002941717 0.0002044667 0.0003154721
 [3,] 0.0002757873 0.000212319 0.0002941717 0.0002044667 0.0003154721
 [4,] 0.0002757873 0.000212319 0.0002941717 0.0002044667 0.0003154721
 [5,] 0.0002757873 0.000212319 0.0002941717 0.0002044667 0.0003154721
 [6,] 0.0002757873 0.000212319 0.0002941717 0.0002044667 0.0003154721
 [7,] 0.0002757873 0.000212319 0.0002941717 0.0002044667 0.0003154721
 [8,] 0.0002757873 0.000212319 0.0002941717 0.0002044667 0.0003154721
 [9,] 0.0002757873 0.000212319 0.0002941717 0.0002044667 0.0003154721
[10,] 0.0002757873 0.000212319 0.0002941717 0.0002044667 0.0003154721
[11,] 0.0002757873 0.000212319 0.0002941717 0.0002044667 0.0003154721
[12,] 0.0002757873 0.000212319 0.0002941717 0.0002044667 0.0003154721
[13,] 0.0002757873 0.000212319 0.0002941717 0.0002044667 0.0003154721
[14,] 0.0002757873 0.000212319 0.0002941717 0.0002044667 0.0003154721
[15,] 0.0002757873 0.000212319 0.0002941717 0.0002044667 0.0003154721
[16,] 0.0002757873 0.000212319 0.0002941717 0.0002044667 0.0003154721
[17,] 0.0002757873 0.000212319 0.0002941717 0.0002044667 0.0003154721
[18,] 0.0002757873 0.000212319 0.0002941717 0.0002044667 0.0003154721
[19,] 0.0002757873 0.000212319 0.0002941717 0.0002044667 0.0003154721
[20,] 0.0002757873 0.000212319 0.0002941717 0.0002044667 0.0003154721
              [,6]         [,7]         [,8]         [,9]        [,10]
 [1,] 0.0003480962 0.0003396524 0.0003345555 0.0003021118 0.0002249447
 [2,] 0.0003480962 0.0003396524 0.0003345555 0.0003021118 0.0002249447
 [3,] 0.0003480962 0.0003396524 0.0003345555 0.0003021118 0.0002249447
 [4,] 0.0003480962 0.0003396524 0.0003345555 0.0003021118 0.0002249447
 [5,] 0.0003480962 0.0003396524 0.0003345555 0.0003021118 0.0002249447
 [6,] 0.0003480962 0.0003396524 0.0003345555 0.0003021118 0.0002249447
 [7,] 0.0003480962 0.0003396524 0.0003345555 0.0003021118 0.0002249447
 [8,] 0.0003480962 0.0003396524 0.0003345555 0.0003021118 0.0002249447
 [9,] 0.0003480962 0.0003396524 0.0003345555 0.0003021118 0.0002249447
[10,] 0.0003480962 0.0003396524 0.0003345555 0.0003021118 0.0002249447
[11,] 0.0003480962 0.0003396524 0.0003345555 0.0003021118 0.0002249447
[12,] 0.0003480962 0.0003396524 0.0003345555 0.0003021118 0.0002249447
[13,] 0.0003480962 0.0003396524 0.0003345555 0.0003021118 0.0002249447
[14,] 0.0003480962 0.0003396524 0.0003345555 0.0003021118 0.0002249447
[15,] 0.0003480962 0.0003396524 0.0003345555 0.0003021118 0.0002249447
[16,] 0.0003480962 0.0003396524 0.0003345555 0.0003021118 0.0002249447
[17,] 0.0003480962 0.0003396524 0.0003345555 0.0003021118 0.0002249447
[18,] 0.0003480962 0.0003396524 0.0003345555 0.0003021118 0.0002249447
[19,] 0.0003480962 0.0003396524 0.0003345555 0.0003021118 0.0002249447
[20,] 0.0003480962 0.0003396524 0.0003345555 0.0003021118 0.0002249447
             [,11]        [,12]        [,13]
 [1,] 0.0001240785 0.0002962301 0.0003389255
 [2,] 0.0001240785 0.0002962301 0.0003389255
 [3,] 0.0001240785 0.0002962301 0.0003389255
 [4,] 0.0001240785 0.0002962301 0.0003389255
 [5,] 0.0001240785 0.0002962301 0.0003389255
 [6,] 0.0001240785 0.0002962301 0.0003389255
 [7,] 0.0001240785 0.0002962301 0.0003389255
 [8,] 0.0001240785 0.0002962301 0.0003389255
 [9,] 0.0001240785 0.0002962301 0.0003389255
[10,] 0.0001240785 0.0002962301 0.0003389255
[11,] 0.0001240785 0.0002962301 0.0003389255
[12,] 0.0001240785 0.0002962301 0.0003389255
[13,] 0.0001240785 0.0002962301 0.0003389255
[14,] 0.0001240785 0.0002962301 0.0003389255
[15,] 0.0001240785 0.0002962301 0.0003389255
[16,] 0.0001240785 0.0002962301 0.0003389255
[17,] 0.0001240785 0.0002962301 0.0003389255
[18,] 0.0001240785 0.0002962301 0.0003389255
[19,] 0.0001240785 0.0002962301 0.0003389255
[20,] 0.0001240785 0.0002962301 0.0003389255

$row_filter
 [1] 46 34 27 16 21 23 19 31 54 20 45  8 22  7 35 50 17 49 36 29

$column_filter
 [1]  1  2  3  4  5  6  7  8  9 10 11 12 13

$priors
$priors$logWb_hat
 [1] 4.357734 5.287893 4.921742 5.287893 4.921742 4.921742 5.287893 5.287893
 [9] 5.287893 5.287893 3.032064 5.287893 4.921742 5.287893 5.287893 4.357734
[17] 5.287893 4.921742 5.287893 3.032064

$priors$logWb_sd
 [1] 0.7281340 0.8894259 0.6806785 0.8894259 0.6806785 0.6806785 0.8894259
 [8] 0.8894259 0.8894259 0.8894259 1.2688654 0.8894259 0.6806785 0.8894259
[15] 0.8894259 0.7281340 0.8894259 0.6806785 0.8894259 1.2688654

$priors$lowerbound_logWb
[1] -0.1227328

$priors$upperbound_logWb
[1] NA

$priors$logDb_hat
 [1]  0.1546796  1.4861195  0.5790446  1.4861195  0.5790446  0.5790446
 [7]  1.4861195  1.4861195  1.4861195  1.4861195 -0.9747896  1.4861195
[13]  0.5790446  1.4861195  1.4861195  0.1546796  1.4861195  0.5790446
[19]  1.4861195 -0.9747896

$priors$logDb_sd
 [1] 0.7195048 0.8459272 0.6643919 0.8459272 0.6643919 0.6643919 0.8459272
 [8] 0.8459272 0.8459272 0.8459272 1.1326428 0.8459272 0.6643919 0.8459272
[15] 0.8459272 0.7195048 0.8459272 0.6643919 0.8459272 1.1326428

$priors$lowerbound_logDb
[1] NA

$priors$upperbound_logDb
[1] 3.309359

$priors$r_hat
 [1] 2.7380882 2.9095457 3.3774187 2.9095457 3.3774187 3.3774187 2.9095457
 [8] 2.9095457 2.9095457 2.9095457 0.7809489 2.9095457 3.3774187 2.9095457
[15] 2.9095457 2.7380882 2.9095457 3.3774187 2.9095457 0.7809489

$priors$r_sd
 [1] 2.188055 2.099724 1.947818 2.099724 1.947818 1.947818 2.099724 2.099724
 [9] 2.099724 2.099724 1.519431 2.099724 1.947818 2.099724 2.099724 2.188055
[17] 2.099724 1.947818 2.099724 1.519431

$priors$lowerbound_r
[1] NA

$priors$upperbound_r
[1] NA

$priors$logn_hat
 [1] NA NA NA NA NA NA NA NA NA NA NA NA NA NA NA NA NA NA NA NA

$priors$logn_sd
 [1] 1.260820 1.724262 1.345334 1.724262 1.345334 1.345334 1.724262 1.724262
 [9] 1.724262 1.724262 1.122653 1.724262 1.345334 1.724262 1.724262 1.260820
[17] 1.724262 1.345334 1.724262 1.122653

$priors$lowerbound_logn
[1] -4.60517

$priors$upperbound_logn
[1] -2.995732


[1] " "
[1] " "
[1] " "
$reach_id
[1] 2.3225e+10

$nt
 [1]  0  1  2  3  4  5  6  7  8  9 10 11 12

$invalid_nodes
integer(0)

$invalid_times
integer(0)

[1] "----------------posteriors--------------------"
[[1]]
[[1]]$r
[[1]]$r$mean
[1] NA

[[1]]$r$sd
[1] NaN


[[1]]$logn
[[1]]$logn$mean
[1] NA

[[1]]$logn$sd
[1] NaN


[[1]]$logWb
[[1]]$logWb$mean
[1] NA

[[1]]$logWb$sd
[1] NaN


[[1]]$logDb
[[1]]$logDb$mean
[1] NA

[[1]]$logDb$sd
[1] NaN



[[2]]
[[2]]$r
[[2]]$r$mean
[1] NA

[[2]]$r$sd
[1] NaN


[[2]]$logn
[[2]]$logn$mean
[1] NA

[[2]]$logn$sd
[1] NaN


[[2]]$logWb
[[2]]$logWb$mean
[1] NA

[[2]]$logWb$sd
[1] NaN


[[2]]$logDb
[[2]]$logDb$mean
[1] NA

[[2]]$logDb$sd
[1] NaN



[[3]]
[[3]]$r
[[3]]$r$mean
[1] NA

[[3]]$r$sd
[1] NaN


[[3]]$logn
[[3]]$logn$mean
[1] NA

[[3]]$logn$sd
[1] NaN


[[3]]$logWb
[[3]]$logWb$mean
[1] NA

[[3]]$logWb$sd
[1] NaN


[[3]]$logDb
[[3]]$logDb$mean
[1] NA

[[3]]$logDb$sd
[1] NaN



[1] "----------------discharge-------------------"
[[1]]
 [1] NaN NaN NaN NaN NaN NaN NaN NaN NaN NaN NaN NaN NaN

[[2]]
 [1] NaN NaN NaN NaN NaN NaN NaN NaN NaN NaN NaN NaN NaN

[[3]]
 [1] NaN NaN NaN NaN NaN NaN NaN NaN NaN NaN NaN NaN NaN

[1] "Total execution time for reach 23225000011 : 53.6654028892517 seconds."
Building neobam...
['sudo', 'docker', 'build', '-t', 'neobam', '.']
Running neobam...
/media/travis/work/data/real_constrained_aug_30_2023/input
/media/travis/work/data/real_constrained_aug_30_2023/flpe
no args
['sudo', 'docker', 'run', '-v', '/media/travis/work/data/real_constrained_aug_30_2023/input:/mnt/data/input', '-v', '/media/travis/work/data/real_constrained_aug_30_2023/flpe:/mnt/data/output', '-e', 'AWS_BATCH_JOB_ARRAY_INDEX=879', 'neobam']
