[1] "---------------enough data found-------------"
[1] "---------------Data valid------------"
[1] "----------------------windowed----------------------------"
$hasdat
      [,1] [,2] [,3] [,4] [,5] [,6] [,7] [,8] [,9] [,10]
 [1,]   NA    1    1    1   NA   NA    1    1    1     1
 [2,]    1   NA   NA   NA   NA    1    1    1    1     1
 [3,]    1   NA   NA    1   NA    1    1   NA    1     1
 [4,]    1   NA    1    1    1    1    1    1    1     1
 [5,]    1    1    1    1    1    1    1    1    1     1
 [6,]    1    1    1    1    1    1    1    1    1     1
 [7,]    1    1    1    1    1    1    1    1    1     1
 [8,]    1    1    1    1    1    1    1    1    1     1
 [9,]    1    1    1    1    1    1    1    1    1     1
[10,]    1    1    1    1    1    1    1    1    1     1
[11,]    1    1    1    1    1    1    1    1    1     1
[12,]   NA   NA   NA    1    1    1    1    1    1     1
[13,]    1    1    1    1    1    1    1    1    1     1
[14,]    1    1    1    1    1    1    1    1    1     1
[15,]    1    1    1    1    1    1    1    1    1     1
[16,]    1    1    1    1    1    1    1    1    1     1

$ntot
[1] NA

$Wobs
            [,1]       [,2]       [,3]       [,4]       [,5]       [,6]
 [1,]         NA   1.134208   3.395411   0.000080         NA         NA
 [2,]   0.012716         NA         NA         NA         NA   2.146311
 [3,]   1.189311         NA         NA   4.980094         NA   2.181980
 [4,]  16.414341         NA   0.014402  46.500825   5.066539  41.716768
 [5,]  51.600694  31.337112  43.822756  56.928447  18.173547  57.910219
 [6,]  82.837529  67.011635  96.560142 101.265403  61.231797  85.289701
 [7,]  34.738360  28.848942  44.283815  34.207602  12.164373  26.951148
 [8,] 109.898256  97.348480 103.911211  95.244756  95.968563  98.736498
 [9,]  51.391703  51.058129  62.519105  62.035437  59.034379  59.356956
[10,] 150.887512 112.149339 126.806752 112.147780 155.405202  98.244246
[11,] 106.375007 105.979596  91.033890  76.091988  94.107657  70.104377
[12,]         NA         NA         NA 178.632740 217.038609 209.971947
[13,] 140.003597 129.733643 106.760282  91.441999  68.743119 116.223865
[14,] 158.481763 146.496861 119.083447 113.344888 116.531333 159.958733
[15,]  49.075514  44.831655  42.886568  37.324727  31.437341  30.855852
[16,]  73.062012  46.200788  87.259707  61.340176  54.920762  51.056758
            [,7]       [,8]       [,9]      [,10]
 [1,]  14.691461   2.259358  15.818913   0.012008
 [2,]   4.680963   0.000006   0.000303   0.005763
 [3,]   0.008724         NA   1.029708   1.054786
 [4,]   0.000051   1.259527   0.000899  41.493655
 [5,]  32.699942  37.905758  44.037904  45.314852
 [6,]  88.790257  98.954538  88.204157  85.316586
 [7,]  50.799829  36.878252  59.048245  46.106807
 [8,]  98.699492  78.278319 107.795162 105.775528
 [9,]  69.177905  61.132063  62.265364  67.300713
[10,] 140.180145 116.496425 107.569430 132.816322
[11,]  90.916165  83.610387  90.578934  91.120701
[12,] 219.051882 219.101316 206.809307 190.030330
[13,] 108.164894  98.533483 132.293885  99.841509
[14,] 108.840332 117.517640 105.321114 165.290852
[15,]  33.278988  38.818255  42.248772  36.020555
[16,]  65.023557  81.764666  69.732111  96.143606

$Sobs
             [,1]        [,2]        [,3]        [,4]        [,5]        [,6]
 [1,] 0.006064082 0.006342027 0.004745376 0.004755527 0.005855069 0.005459888
 [2,] 0.006064082 0.006342027 0.004745376 0.004755527 0.005855069 0.005459888
 [3,] 0.006064082 0.006342027 0.004745376 0.004755527 0.005855069 0.005459888
 [4,] 0.006064082 0.006342027 0.004745376 0.004755527 0.005855069 0.005459888
 [5,] 0.006064082 0.006342027 0.004745376 0.004755527 0.005855069 0.005459888
 [6,] 0.006064082 0.006342027 0.004745376 0.004755527 0.005855069 0.005459888
 [7,] 0.006064082 0.006342027 0.004745376 0.004755527 0.005855069 0.005459888
 [8,] 0.006064082 0.006342027 0.004745376 0.004755527 0.005855069 0.005459888
 [9,] 0.006064082 0.006342027 0.004745376 0.004755527 0.005855069 0.005459888
[10,] 0.006064082 0.006342027 0.004745376 0.004755527 0.005855069 0.005459888
[11,] 0.006064082 0.006342027 0.004745376 0.004755527 0.005855069 0.005459888
[12,] 0.006064082 0.006342027 0.004745376 0.004755527 0.005855069 0.005459888
[13,] 0.006064082 0.006342027 0.004745376 0.004755527 0.005855069 0.005459888
[14,] 0.006064082 0.006342027 0.004745376 0.004755527 0.005855069 0.005459888
[15,] 0.006064082 0.006342027 0.004745376 0.004755527 0.005855069 0.005459888
[16,] 0.006064082 0.006342027 0.004745376 0.004755527 0.005855069 0.005459888
             [,7]        [,8]        [,9]       [,10]
 [1,] 0.007036245 0.007846403 0.005465555 0.008970128
 [2,] 0.007036245 0.007846403 0.005465555 0.008970128
 [3,] 0.007036245 0.007846403 0.005465555 0.008970128
 [4,] 0.007036245 0.007846403 0.005465555 0.008970128
 [5,] 0.007036245 0.007846403 0.005465555 0.008970128
 [6,] 0.007036245 0.007846403 0.005465555 0.008970128
 [7,] 0.007036245 0.007846403 0.005465555 0.008970128
 [8,] 0.007036245 0.007846403 0.005465555 0.008970128
 [9,] 0.007036245 0.007846403 0.005465555 0.008970128
[10,] 0.007036245 0.007846403 0.005465555 0.008970128
[11,] 0.007036245 0.007846403 0.005465555 0.008970128
[12,] 0.007036245 0.007846403 0.005465555 0.008970128
[13,] 0.007036245 0.007846403 0.005465555 0.008970128
[14,] 0.007036245 0.007846403 0.005465555 0.008970128
[15,] 0.007036245 0.007846403 0.005465555 0.008970128
[16,] 0.007036245 0.007846403 0.005465555 0.008970128

$row_filter
 [1]  1  2  3  4  5  6  7  8  9 10 11 12 13 14 15 16

$column_filter
 [1]  3  4 10 12 14 17 19 22 23 28

$priors
$priors$logWb_hat
 [1] 3.032064 3.032064 3.032064 3.032064 3.032064 4.357734 3.032064 4.436574
 [9] 4.032912 3.032064 3.032064 3.032064 3.032064 3.032064 3.032064 3.032064

$priors$logWb_sd
 [1] 1.2688654 1.2688654 1.2688654 1.2688654 1.2688654 0.7281340 1.2688654
 [8] 0.5405678 0.5879548 1.2688654 1.2688654 1.2688654 1.2688654 1.2688654
[15] 1.2688654 1.2688654

$priors$lowerbound_logWb
[1] -0.1227328

$priors$upperbound_logWb
[1] 6.91726

$priors$logDb_hat
 [1] -0.97478956 -0.97478956 -0.97478956 -0.97478956 -0.97478956  0.15467964
 [7] -0.97478956  0.29939209 -0.07180952 -0.97478956 -0.97478956 -0.97478956
[13] -0.97478956 -0.97478956 -0.97478956 -0.97478956

$priors$logDb_sd
 [1] 1.1326428 1.1326428 1.1326428 1.1326428 1.1326428 0.7195048 1.1326428
 [8] 0.6903959 0.7646741 1.1326428 1.1326428 1.1326428 1.1326428 1.1326428
[15] 1.1326428 1.1326428

$priors$lowerbound_logDb
[1] NA

$priors$upperbound_logDb
[1] 2.571817

$priors$r_hat
 [1] 0.7809489 0.7809489 0.7809489 0.7809489 0.7809489 2.7380882 0.7809489
 [8] 3.9294251 2.6235323 0.7809489 0.7809489 0.7809489 0.7809489 0.7809489
[15] 0.7809489 0.7809489

$priors$r_sd
 [1] 1.519431 1.519431 1.519431 1.519431 1.519431 2.188055 1.519431 2.279893
 [9] 2.043776 1.519431 1.519431 1.519431 1.519431 1.519431 1.519431 1.519431

$priors$lowerbound_r
[1] NA

$priors$upperbound_r
[1] NA

$priors$logn_hat
 [1] NA NA NA NA NA NA NA NA NA NA NA NA NA NA NA NA

$priors$logn_sd
 [1] 1.122653 1.122653 1.122653 1.122653 1.122653 1.260820 1.122653 1.199817
 [9] 1.268716 1.122653 1.122653 1.122653 1.122653 1.122653 1.122653 1.122653

$priors$lowerbound_logn
[1] -4.60517

$priors$upperbound_logn
[1] -2.995732


[1] " "
[1] " "
[1] " "
$reach_id
[1] 7.312e+10

$nt
 [1]  0  1  2  3  4  5  6  7  8  9 10 11 12 13 14 15 16 17 18 19 20 21 22 23 24
[26] 25 26 27 28 29 30 31 32 33 34

$invalid_nodes
integer(0)

$invalid_times
[1] 32  1  3  5  9 11 23

[1] "----------------posteriors--------------------"
[[1]]
[[1]]$r
[[1]]$r$mean
[1] NA

[[1]]$r$sd
[1] NaN


[[1]]$logn
[[1]]$logn$mean
[1] NA

[[1]]$logn$sd
[1] NaN


[[1]]$logWb
[[1]]$logWb$mean
[1] NA

[[1]]$logWb$sd
[1] NaN


[[1]]$logDb
[[1]]$logDb$mean
[1] NA

[[1]]$logDb$sd
[1] NaN



[[2]]
[[2]]$r
[[2]]$r$mean
[1] NA

[[2]]$r$sd
[1] NaN


[[2]]$logn
[[2]]$logn$mean
[1] NA

[[2]]$logn$sd
[1] NaN


[[2]]$logWb
[[2]]$logWb$mean
[1] NA

[[2]]$logWb$sd
[1] NaN


[[2]]$logDb
[[2]]$logDb$mean
[1] NA

[[2]]$logDb$sd
[1] NaN



[[3]]
[[3]]$r
[[3]]$r$mean
[1] NA

[[3]]$r$sd
[1] NaN


[[3]]$logn
[[3]]$logn$mean
[1] NA

[[3]]$logn$sd
[1] NaN


[[3]]$logWb
[[3]]$logWb$mean
[1] NA

[[3]]$logWb$sd
[1] NaN


[[3]]$logDb
[[3]]$logDb$mean
[1] NA

[[3]]$logDb$sd
[1] NaN



[1] "----------------discharge-------------------"
[[1]]
 [1] NaN NaN NaN NaN NaN NaN NaN NaN NaN NaN NaN NaN NaN NaN NaN NaN NaN NaN NaN
[20] NaN NaN NaN NaN NaN NaN NaN NaN NaN

[[2]]
 [1] NaN NaN NaN NaN NaN NaN NaN NaN NaN NaN NaN NaN NaN NaN NaN NaN NaN NaN NaN
[20] NaN NaN NaN NaN NaN NaN NaN NaN NaN

[[3]]
 [1] NaN NaN NaN NaN NaN NaN NaN NaN NaN NaN NaN NaN NaN NaN NaN NaN NaN NaN NaN
[20] NaN NaN NaN NaN NaN NaN NaN NaN NaN

[1] "Total execution time for reach 73120000921 : 48.921138048172 seconds."
Building neobam...
['sudo', 'docker', 'build', '-t', 'neobam', '.']
Running neobam...
/media/travis/work/data/real_constrained_aug_30_2023/input
/media/travis/work/data/real_constrained_aug_30_2023/flpe
no args
['sudo', 'docker', 'run', '-v', '/media/travis/work/data/real_constrained_aug_30_2023/input:/mnt/data/input', '-v', '/media/travis/work/data/real_constrained_aug_30_2023/flpe:/mnt/data/output', '-e', 'AWS_BATCH_JOB_ARRAY_INDEX=1825', 'neobam']
